<?xml version="1.0" encoding="UTF-8"?>
<!-- Generated by org.testng.reporters.JUnitReportReporter -->
<testsuite hostname="Anwar231" failures="0" tests="4" name="testngExample.Testng1" time="0.021" errors="0" timestamp="28 Jul 2022 11:49:31 GMT">
  <testcase classname="testngExample.Testng1" name="logout" time="0.013"/>
  <testcase classname="testngExample.Testng1" name="login" time="0.004"/>
  <testcase classname="testngExample.Testng1" name="addemp" time="0.002"/>
  <testcase classname="testngExample.Testng1" name="delemp" time="0.002"/>
</testsuite> <!-- testngExample.Testng1 -->
