<?xml version="1.0" encoding="UTF-8"?>
<!-- Generated by org.testng.reporters.JUnitReportReporter -->
<testsuite hostname="Anwar231" failures="0" tests="2" name="testngExample.Testng2" time="0.010" errors="0" timestamp="26 Jul 2022 07:04:42 GMT">
  <testcase classname="testngExample.Testng2" name="addemp" time="0.007"/>
  <testcase classname="testngExample.Testng2" name="delemp" time="0.003"/>
</testsuite> <!-- testngExample.Testng2 -->
